$ next dev --turbopack
   ▲ Next.js 15.5.3 (Turbopack)
   - Local:        http://localhost:3000
   - Network:      http://169.254.0.21:3000

 ✓ Starting...
Attention: Next.js now collects completely anonymous telemetry regarding usage.
This information is used to shape Next.js' roadmap and prioritize features.
You can learn more, including how to opt-out if you'd not like to participate in this anonymous program, by visiting the following URL:
https://nextjs.org/telemetry

 ✓ Ready in 1722ms
 ○ Compiling / ...
 ✓ Compiled / in 5s
 GET / 200 in 5852ms
 GET / 200 in 190ms
 ⚠ Cross origin request detected from escape-the-weakness-2.lindy.site to /_next/* resource. In a future major version of Next.js, you will need to explicitly configure "allowedDevOrigins" in next.config to allow this.
Read more: https://nextjs.org/docs/app/api-reference/config/next-config-js/allowedDevOrigins
 ✓ Compiled /favicon.ico in 468ms
 GET /favicon.ico?favicon.bf3c9292.ico 200 in 796ms
 ○ Compiling /protocol ...
 ✓ Compiled /protocol in 543ms
 GET /protocol 200 in 682ms
 GET /protocol 200 in 147ms
 GET / 200 in 92ms
 GET /protocol 200 in 122ms
 GET / 200 in 112ms
 ✓ Compiled /pricing in 453ms
 GET /pricing 200 in 572ms
 ✓ Compiled /why-choose-me in 423ms
 GET /why-choose-me 200 in 535ms
 GET /pricing 200 in 126ms
 GET /pricing 200 in 116ms
 GET /why-choose-me 200 in 116ms
 GET /why-choose-me 200 in 406ms
 ○ Compiling /free-audit ...
 ✓ Compiled /free-audit in 1077ms
 GET /free-audit 200 in 1185ms
 GET / 200 in 98ms
 GET / 200 in 212ms
 GET / 200 in 170ms
 GET /favicon.ico?favicon.bf3c9292.ico 200 in 272ms
 ✓ Compiled in 240ms
 ✓ Compiled in 1456ms
 ✓ Compiled / in 406ms
 GET / 200 in 643ms
 GET / 200 in 348ms
 ✓ Compiled in 1767ms
 GET / 200 in 756ms
 GET / 200 in 230ms
 GET / 200 in 191ms
 GET / 200 in 195ms
 GET / 200 in 98ms
 GET / 200 in 99ms
 ✓ Compiled in 1962ms
 GET / 200 in 235ms
 GET / 200 in 84ms
 ✓ Compiled in 679ms
 GET / 200 in 125ms
 GET / 200 in 138ms
 ✓ Compiled in 600ms
 GET / 200 in 123ms
 GET / 200 in 109ms
 ✓ Compiled in 545ms
 GET / 200 in 140ms
 GET / 200 in 164ms
 ✓ Compiled in 618ms
 GET / 200 in 184ms
 GET / 200 in 169ms
 GET / 200 in 593ms
 ✓ Compiled /why-choose-me in 53ms
 GET /why-choose-me 200 in 265ms
 ✓ Compiled /pricing in 35ms
 GET /pricing 200 in 219ms
 ✓ Compiled /protocol in 31ms
 GET /protocol 200 in 201ms
 GET /why-choose-me 200 in 86ms
 GET / 200 in 276ms
 GET / 200 in 202ms
 ✓ Compiled in 272ms
 ✓ Compiled in 526ms
 ✓ Compiled in 415ms
 GET / 200 in 230ms
 GET / 200 in 105ms
 ✓ Compiled in 299ms
 GET / 200 in 95ms
 GET / 200 in 131ms
 ✓ Compiled in 341ms
 GET / 200 in 140ms
 GET / 200 in 171ms
 ✓ Compiled in 332ms
 GET / 200 in 97ms
 GET / 200 in 104ms
 ✓ Compiled in 439ms
 ✓ Compiled in 776ms
 GET / 200 in 638ms
 GET /favicon.ico?favicon.bf3c9292.ico 200 in 292ms
 ✓ Compiled /why-choose-me in 50ms
 GET /why-choose-me 200 in 256ms
 GET /why-choose-me 200 in 469ms
 GET / 200 in 105ms
 ✓ Compiled /protocol in 42ms
 GET /protocol 200 in 218ms
 GET /protocol 200 in 84ms
 ✓ Compiled /pricing in 34ms
 GET /pricing 200 in 218ms
 GET /why-choose-me 200 in 110ms
 GET / 200 in 370ms
 ○ Compiling /_not-found/page ...
 ✓ Compiled /_not-found/page in 504ms
 GET /escape-the-weakness.tar.gz 404 in 871ms
 GET /escape-the-weakness.tar.gz 404 in 122ms
 GET /escape-the-weakness.tar.gz 404 in 111ms
 GET /escape-the-weakness.tar.gz 404 in 112ms
